[26-Oct-2018 09:03:54 UTC] PHP Warning:  require(../classes/autoload.php): failed to open stream: No such file or directory in /home/ubuntu/workspace/inutilidades/Proyecto/producto/index.php on line 3
[26-Oct-2018 09:03:54 UTC] PHP Fatal error:  require(): Failed opening required '../classes/autoload.php' (include_path='.:/usr/share/php') in /home/ubuntu/workspace/inutilidades/Proyecto/producto/index.php on line 3
[26-Oct-2018 09:04:05 UTC] PHP Warning:  require(../classes/autoload.php): failed to open stream: No such file or directory in /home/ubuntu/workspace/inutilidades/Proyecto/producto/index.php on line 3
[26-Oct-2018 09:04:05 UTC] PHP Fatal error:  require(): Failed opening required '../classes/autoload.php' (include_path='.:/usr/share/php') in /home/ubuntu/workspace/inutilidades/Proyecto/producto/index.php on line 3
[26-Oct-2018 09:05:38 UTC] PHP Fatal error:  Uncaught Error: Class 'izv\database\Database' not found in /home/ubuntu/workspace/inutilidades/Proyecto/producto/index.php:11
Stack trace:
#0 {main}
  thrown in /home/ubuntu/workspace/inutilidades/Proyecto/producto/index.php on line 11
[07-Nov-2018 19:40:33 UTC] PHP Fatal error:  Uncaught Error: Class 'izv\database\Database' not found in /home/ubuntu/workspace/inutilidades/proyecto/usuario/index.php:12
Stack trace:
#0 {main}
  thrown in /home/ubuntu/workspace/inutilidades/proyecto/usuario/index.php on line 12
[07-Nov-2018 19:40:45 UTC] PHP Fatal error:  Uncaught Error: Class 'izv\database\Database' not found in /home/ubuntu/workspace/inutilidades/proyecto/producto/index.php:12
Stack trace:
#0 {main}
  thrown in /home/ubuntu/workspace/inutilidades/proyecto/producto/index.php on line 12
[07-Nov-2018 19:41:21 UTC] PHP Fatal error:  Uncaught Error: Class 'izv\database\Database' not found in /home/ubuntu/workspace/inutilidades/proyecto/usuario/index.php:12
Stack trace:
#0 {main}
  thrown in /home/ubuntu/workspace/inutilidades/proyecto/usuario/index.php on line 12
[07-Nov-2018 19:54:02 UTC] PHP Fatal error:  Uncaught Error: Class 'izv\database\Database' not found in /home/ubuntu/workspace/inutilidades/proyecto/producto/index.php:12
Stack trace:
#0 {main}
  thrown in /home/ubuntu/workspace/inutilidades/proyecto/producto/index.php on line 12
[07-Nov-2018 20:01:58 UTC] PHP Fatal error:  Uncaught Error: Class 'izv\database\Database' not found in /home/ubuntu/workspace/inutilidades/proyecto/usuario/index.php:12
Stack trace:
#0 {main}
  thrown in /home/ubuntu/workspace/inutilidades/proyecto/usuario/index.php on line 12
