[25-Sep-2018 10:11:06 UTC] PHP Notice:  Use of undefined constant extra - assumed 'extra' in /home/ubuntu/workspace/inutilidades/pagina41.php on line 10
[25-Sep-2018 10:11:06 UTC] PHP Notice:  Undefined variable: extra in /home/ubuntu/workspace/inutilidades/pagina41.php on line 11
[25-Sep-2018 10:12:36 UTC] PHP Notice:  Use of undefined constant extra - assumed 'extra' in /home/ubuntu/workspace/inutilidades/pagina41.php on line 10
[25-Sep-2018 10:12:36 UTC] PHP Notice:  Undefined variable: extra in /home/ubuntu/workspace/inutilidades/pagina41.php on line 11
[25-Sep-2018 10:13:14 UTC] PHP Notice:  Use of undefined constant extra - assumed 'extra' in /home/ubuntu/workspace/inutilidades/pagina41.php on line 12
[25-Sep-2018 10:14:47 UTC] PHP Notice:  Use of undefined constant extra - assumed 'extra' in /home/ubuntu/workspace/inutilidades/pagina41.php on line 12
[25-Sep-2018 10:24:21 UTC] PHP Fatal error:  Uncaught Error: Call to undefined function vae_export() in /home/ubuntu/workspace/inutilidades/pagina41.php:7
Stack trace:
#0 {main}
  thrown in /home/ubuntu/workspace/inutilidades/pagina41.php on line 7
[25-Sep-2018 10:26:35 UTC] PHP Notice:  Use of undefined constant extra - assumed 'extra' in /home/ubuntu/workspace/inutilidades/pagina41.php on line 19
[25-Sep-2018 10:26:35 UTC] PHP Notice:  Array to string conversion in /home/ubuntu/workspace/inutilidades/pagina41.php on line 21
[25-Sep-2018 10:29:39 UTC] PHP Notice:  Use of undefined constant extra - assumed 'extra' in /home/ubuntu/workspace/inutilidades/pagina41.php on line 19
[25-Sep-2018 10:31:30 UTC] PHP Notice:  Use of undefined constant extra - assumed 'extra' in /home/ubuntu/workspace/inutilidades/pagina41.php on line 19
[25-Sep-2018 10:32:17 UTC] PHP Notice:  Use of undefined constant extra - assumed 'extra' in /home/ubuntu/workspace/inutilidades/pagina41.php on line 19
[27-Sep-2018 07:32:45 UTC] PHP Parse error:  syntax error, unexpected ''modulos'' (T_CONSTANT_ENCAPSED_STRING), expecting ')' in /home/ubuntu/workspace/inutilidades/pagina5.php on line 9
[28-Sep-2018 10:25:35 UTC] PHP Warning:  require(classes/Alumno.php): failed to open stream: No such file or directory in /home/ubuntu/workspace/inutilidades/pagina6.php on line 3
[28-Sep-2018 10:25:35 UTC] PHP Fatal error:  require(): Failed opening required 'classes/Alumno.php' (include_path='.:/usr/share/php') in /home/ubuntu/workspace/inutilidades/pagina6.php on line 3
[28-Sep-2018 10:27:20 UTC] PHP Warning:  require(classes/Alumno.php): failed to open stream: No such file or directory in /home/ubuntu/workspace/inutilidades/pagina6.php on line 3
[28-Sep-2018 10:27:20 UTC] PHP Fatal error:  require(): Failed opening required 'classes/Alumno.php' (include_path='.:/usr/share/php') in /home/ubuntu/workspace/inutilidades/pagina6.php on line 3
[28-Sep-2018 10:28:55 UTC] PHP Warning:  require(classes/Punto.php): failed to open stream: No such file or directory in /home/ubuntu/workspace/inutilidades/pagina6.php on line 4
[28-Sep-2018 10:28:55 UTC] PHP Fatal error:  require(): Failed opening required 'classes/Punto.php' (include_path='.:/usr/share/php') in /home/ubuntu/workspace/inutilidades/pagina6.php on line 4
[28-Sep-2018 10:30:13 UTC] PHP Fatal error:  Uncaught Error: Call to undefined method Punto::introspeccion() in /home/ubuntu/workspace/inutilidades/pagina6.php:8
Stack trace:
#0 {main}
  thrown in /home/ubuntu/workspace/inutilidades/pagina6.php on line 8
[28-Sep-2018 10:34:31 UTC] PHP Notice:  Undefined variable: valor in /home/ubuntu/workspace/inutilidades/classes/Punto.php on line 34
[28-Sep-2018 10:34:31 UTC] PHP Warning:  Creating default object from empty value in /home/ubuntu/workspace/inutilidades/classes/Punto.php on line 34
[28-Sep-2018 10:34:31 UTC] PHP Fatal error:  Uncaught Error: Cannot access empty property in /home/ubuntu/workspace/inutilidades/classes/Punto.php:34
Stack trace:
#0 /home/ubuntu/workspace/inutilidades/pagina6.php(8): Punto->instrospeccion()
#1 {main}
  thrown in /home/ubuntu/workspace/inutilidades/classes/Punto.php on line 34
[28-Sep-2018 10:34:47 UTC] PHP Notice:  Undefined variable: valor in /home/ubuntu/workspace/inutilidades/classes/Punto.php on line 34
[28-Sep-2018 10:34:47 UTC] PHP Warning:  Creating default object from empty value in /home/ubuntu/workspace/inutilidades/classes/Punto.php on line 34
[28-Sep-2018 10:34:47 UTC] PHP Fatal error:  Uncaught Error: Cannot access empty property in /home/ubuntu/workspace/inutilidades/classes/Punto.php:34
Stack trace:
#0 /home/ubuntu/workspace/inutilidades/pagina6.php(8): Punto->instrospeccion()
#1 {main}
  thrown in /home/ubuntu/workspace/inutilidades/classes/Punto.php on line 34
[28-Sep-2018 10:35:13 UTC] PHP Notice:  Undefined variable: valor in /home/ubuntu/workspace/inutilidades/classes/Punto.php on line 34
[28-Sep-2018 10:35:13 UTC] PHP Warning:  Creating default object from empty value in /home/ubuntu/workspace/inutilidades/classes/Punto.php on line 34
[28-Sep-2018 10:35:13 UTC] PHP Fatal error:  Uncaught Error: Cannot access empty property in /home/ubuntu/workspace/inutilidades/classes/Punto.php:34
Stack trace:
#0 /home/ubuntu/workspace/inutilidades/pagina6.php(8): Punto->instrospeccion()
#1 {main}
  thrown in /home/ubuntu/workspace/inutilidades/classes/Punto.php on line 34
[28-Sep-2018 10:36:37 UTC] PHP Notice:  Undefined variable: valor in /home/ubuntu/workspace/inutilidades/classes/Punto.php on line 34
[28-Sep-2018 10:36:37 UTC] PHP Warning:  Creating default object from empty value in /home/ubuntu/workspace/inutilidades/classes/Punto.php on line 34
[28-Sep-2018 10:36:37 UTC] PHP Fatal error:  Uncaught Error: Cannot access empty property in /home/ubuntu/workspace/inutilidades/classes/Punto.php:34
Stack trace:
#0 /home/ubuntu/workspace/inutilidades/pagina6.php(8): Punto->introspeccion()
#1 {main}
  thrown in /home/ubuntu/workspace/inutilidades/classes/Punto.php on line 34
[02-Oct-2018 10:36:26 UTC] PHP Parse error:  syntax error, unexpected '}', expecting end of file in /home/ubuntu/workspace/inutilidades/classes/Alumno.php on line 99
[02-Oct-2018 10:44:48 UTC] PHP Parse error:  syntax error, unexpected ')', expecting '(' in /home/ubuntu/workspace/inutilidades/classes/Comun.php on line 26
[03-Oct-2018 11:05:16 UTC] PHP Parse error:  syntax error, unexpected ')', expecting '(' in /home/ubuntu/workspace/inutilidades/classes/Comun.php on line 26
[03-Oct-2018 11:57:44 UTC] PHP Notice:  Accessing static property Producto::$id as non static in /home/ubuntu/workspace/inutilidades/classes/Producto.php on line 10
[03-Oct-2018 11:57:44 UTC] PHP Notice:  Accessing static property Producto::$nombre as non static in /home/ubuntu/workspace/inutilidades/classes/Producto.php on line 11
[03-Oct-2018 11:57:44 UTC] PHP Notice:  Accessing static property Producto::$precio as non static in /home/ubuntu/workspace/inutilidades/classes/Producto.php on line 12
[03-Oct-2018 11:57:44 UTC] PHP Notice:  Accessing static property Producto::$iva as non static in /home/ubuntu/workspace/inutilidades/classes/Producto.php on line 13
[03-Oct-2018 11:57:44 UTC] PHP Notice:  Undefined variable: contador in /home/ubuntu/workspace/inutilidades/classes/Producto.php on line 19
[03-Oct-2018 11:57:44 UTC] PHP Notice:  Undefined variable: contador in /home/ubuntu/workspace/inutilidades/classes/Producto.php on line 19
[03-Oct-2018 11:58:43 UTC] PHP Notice:  Accessing static property Producto::$id as non static in /home/ubuntu/workspace/inutilidades/classes/Producto.php on line 10
[03-Oct-2018 11:58:43 UTC] PHP Notice:  Accessing static property Producto::$nombre as non static in /home/ubuntu/workspace/inutilidades/classes/Producto.php on line 11
[03-Oct-2018 11:58:43 UTC] PHP Notice:  Accessing static property Producto::$precio as non static in /home/ubuntu/workspace/inutilidades/classes/Producto.php on line 12
[03-Oct-2018 11:58:43 UTC] PHP Notice:  Accessing static property Producto::$iva as non static in /home/ubuntu/workspace/inutilidades/classes/Producto.php on line 13
[03-Oct-2018 11:58:43 UTC] PHP Notice:  Undefined variable: contador in /home/ubuntu/workspace/inutilidades/classes/Producto.php on line 19
[03-Oct-2018 11:58:43 UTC] PHP Notice:  Undefined variable: contador in /home/ubuntu/workspace/inutilidades/classes/Producto.php on line 19
[03-Oct-2018 11:59:29 UTC] PHP Notice:  Accessing static property Producto::$id as non static in /home/ubuntu/workspace/inutilidades/classes/Producto.php on line 10
[03-Oct-2018 11:59:29 UTC] PHP Notice:  Accessing static property Producto::$nombre as non static in /home/ubuntu/workspace/inutilidades/classes/Producto.php on line 11
[03-Oct-2018 11:59:29 UTC] PHP Notice:  Accessing static property Producto::$precio as non static in /home/ubuntu/workspace/inutilidades/classes/Producto.php on line 12
[03-Oct-2018 11:59:29 UTC] PHP Notice:  Accessing static property Producto::$iva as non static in /home/ubuntu/workspace/inutilidades/classes/Producto.php on line 13
[03-Oct-2018 12:01:25 UTC] PHP Notice:  Accessing static property Producto::$id as non static in /home/ubuntu/workspace/inutilidades/classes/Producto.php on line 10
[03-Oct-2018 12:01:25 UTC] PHP Notice:  Accessing static property Producto::$nombre as non static in /home/ubuntu/workspace/inutilidades/classes/Producto.php on line 11
[03-Oct-2018 12:01:25 UTC] PHP Notice:  Accessing static property Producto::$precio as non static in /home/ubuntu/workspace/inutilidades/classes/Producto.php on line 12
[03-Oct-2018 12:01:25 UTC] PHP Notice:  Accessing static property Producto::$iva as non static in /home/ubuntu/workspace/inutilidades/classes/Producto.php on line 13
[03-Oct-2018 12:01:33 UTC] PHP Notice:  Accessing static property Producto::$id as non static in /home/ubuntu/workspace/inutilidades/classes/Producto.php on line 10
[03-Oct-2018 12:01:33 UTC] PHP Notice:  Accessing static property Producto::$nombre as non static in /home/ubuntu/workspace/inutilidades/classes/Producto.php on line 11
[03-Oct-2018 12:01:33 UTC] PHP Notice:  Accessing static property Producto::$precio as non static in /home/ubuntu/workspace/inutilidades/classes/Producto.php on line 12
[03-Oct-2018 12:01:33 UTC] PHP Notice:  Accessing static property Producto::$iva as non static in /home/ubuntu/workspace/inutilidades/classes/Producto.php on line 13
[03-Oct-2018 12:25:04 UTC] PHP Parse error:  syntax error, unexpected end of file, expecting function (T_FUNCTION) in /home/ubuntu/workspace/inutilidades/classes/Comun.php on line 57
[05-Oct-2018 09:02:42 UTC] PHP Fatal error:  Uncaught Error: Class 'izvdwes\data\Producto' not found in /home/ubuntu/workspace/segundosEjemplos/ejemplo1.php:10
Stack trace:
#0 {main}
  thrown in /home/ubuntu/workspace/segundosEjemplos/ejemplo1.php on line 10
[05-Oct-2018 09:05:07 UTC] PHP Fatal error:  Uncaught Error: Class 'izvdwes\data\Producto' not found in /home/ubuntu/workspace/segundosEjemplos/ejemplo1.php:10
Stack trace:
#0 {main}
  thrown in /home/ubuntu/workspace/segundosEjemplos/ejemplo1.php on line 10
[05-Oct-2018 09:05:25 UTC] PHP Notice:  Undefined variable: producto in /home/ubuntu/workspace/segundosEjemplos/ejemplo1.php on line 12
[05-Oct-2018 09:05:25 UTC] PHP Fatal error:  Uncaught Error: Call to undefined method izvdwes\data\Alumno::fetch() in /home/ubuntu/workspace/segundosEjemplos/ejemplo1.php:24
Stack trace:
#0 {main}
  thrown in /home/ubuntu/workspace/segundosEjemplos/ejemplo1.php on line 24
[05-Oct-2018 09:05:48 UTC] PHP Fatal error:  Uncaught Error: Call to undefined method izvdwes\data\Alumno::fetch() in /home/ubuntu/workspace/segundosEjemplos/ejemplo1.php:24
Stack trace:
#0 {main}
  thrown in /home/ubuntu/workspace/segundosEjemplos/ejemplo1.php on line 24
[05-Oct-2018 09:08:06 UTC] PHP Fatal error:  Uncaught Error: Call to undefined method izvdwes\data\Alumno::get() in /home/ubuntu/workspace/segundosEjemplos/ejemplo1.php:24
Stack trace:
#0 {main}
  thrown in /home/ubuntu/workspace/segundosEjemplos/ejemplo1.php on line 24
[05-Oct-2018 10:32:41 UTC] PHP Warning:  move_uploaded_file(upload/aquí): failed to open stream: No such file or directory in /home/ubuntu/workspace/inutilidades/pagina9.php on line 7
[05-Oct-2018 10:32:41 UTC] PHP Warning:  move_uploaded_file(): Unable to move '/tmp/phpwwQPJR' to 'upload/aquí' in /home/ubuntu/workspace/inutilidades/pagina9.php on line 7
[05-Oct-2018 10:33:26 UTC] PHP Warning:  move_uploaded_file(upload/aquí): failed to open stream: No such file or directory in /home/ubuntu/workspace/inutilidades/pagina9.php on line 7
[05-Oct-2018 10:33:26 UTC] PHP Warning:  move_uploaded_file(): Unable to move '/tmp/php37WfcH' to 'upload/aquí' in /home/ubuntu/workspace/inutilidades/pagina9.php on line 7
[05-Oct-2018 10:39:51 UTC] PHP Warning:  mime_content_type(name): failed to open stream: No such file or directory in /home/ubuntu/workspace/inutilidades/pagina9.php on line 10
[05-Oct-2018 10:43:51 UTC] PHP Warning:  mime_content_type(aquí): failed to open stream: No such file or directory in /home/ubuntu/workspace/inutilidades/pagina9.php on line 10
[16-Oct-2018 18:24:28 UTC] PHP Parse error:  syntax error, unexpected end of file, expecting function (T_FUNCTION) in /home/ubuntu/workspace/inutilidades/classes/Upload.php on line 268
[16-Oct-2018 18:26:07 UTC] PHP Parse error:  syntax error, unexpected end of file, expecting function (T_FUNCTION) in /home/ubuntu/workspace/inutilidades/classes/Upload.php on line 268
[16-Oct-2018 18:26:39 UTC] PHP Notice:  Undefined index: target in /home/ubuntu/workspace/inutilidades/classes/Upload.php on line 17
[16-Oct-2018 18:26:39 UTC] PHP Notice:  Undefined property: Upload::$file in /home/ubuntu/workspace/inutilidades/classes/Upload.php on line 62
[16-Oct-2018 18:27:00 UTC] PHP Notice:  Undefined index: target in /home/ubuntu/workspace/inutilidades/classes/Upload.php on line 17
[16-Oct-2018 18:27:00 UTC] PHP Notice:  Undefined property: Upload::$file in /home/ubuntu/workspace/inutilidades/classes/Upload.php on line 62
[16-Oct-2018 18:28:33 UTC] PHP Notice:  Undefined property: Upload::$file in /home/ubuntu/workspace/inutilidades/classes/Upload.php on line 62
[16-Oct-2018 18:28:33 UTC] PHP Notice:  Undefined property: Upload::$file in /home/ubuntu/workspace/inutilidades/classes/Upload.php on line 62
[16-Oct-2018 18:29:32 UTC] PHP Notice:  Undefined property: Upload::$file in /home/ubuntu/workspace/inutilidades/classes/Upload.php on line 62
[16-Oct-2018 18:29:38 UTC] PHP Notice:  Undefined property: Upload::$file in /home/ubuntu/workspace/inutilidades/classes/Upload.php on line 62
[18-Oct-2018 16:09:55 UTC] PHP Notice:  Undefined index: archivos in /home/ubuntu/workspace/inutilidades/classes/Upload.php on line 13
[18-Oct-2018 16:09:55 UTC] PHP Notice:  Undefined index: input in /home/ubuntu/workspace/inutilidades/classes/Upload.php on line 14
[18-Oct-2018 16:09:55 UTC] PHP Notice:  Undefined index: input in /home/ubuntu/workspace/inutilidades/classes/Upload.php on line 17
[18-Oct-2018 16:10:19 UTC] PHP Notice:  Undefined index: input in /home/ubuntu/workspace/inutilidades/classes/Upload.php on line 14
[18-Oct-2018 16:10:19 UTC] PHP Notice:  Undefined index: input in /home/ubuntu/workspace/inutilidades/classes/Upload.php on line 17
[18-Oct-2018 16:10:32 UTC] PHP Notice:  Undefined index: input in /home/ubuntu/workspace/inutilidades/classes/Upload.php on line 14
[18-Oct-2018 16:10:32 UTC] PHP Notice:  Undefined index: input in /home/ubuntu/workspace/inutilidades/classes/Upload.php on line 17
