[26-Mar-2019 13:18:18 UTC] PHP Parse error:  syntax error, unexpected '/', expecting '{' in /home/ubuntu/workspace/recuperacion/classes/izv/util/Parametros.php on line 3
[26-Mar-2019 13:18:44 UTC] PHP Warning:  require_once(../classes/izv/util/Matricula.php): failed to open stream: No such file or directory in /home/ubuntu/workspace/recuperacion/basicos/procesarformulario.php on line 5
[26-Mar-2019 13:18:44 UTC] PHP Fatal error:  require_once(): Failed opening required '../classes/izv/util/Matricula.php' (include_path='.:/usr/share/php') in /home/ubuntu/workspace/recuperacion/basicos/procesarformulario.php on line 5
[26-Mar-2019 13:19:22 UTC] PHP Fatal error:  Uncaught Error: Class 'izv\data\Parametros' not found in /home/ubuntu/workspace/recuperacion/classes/izv/data/Matricula.php:49
Stack trace:
#0 /home/ubuntu/workspace/recuperacion/basicos/procesarformulario.php(22): izv\data\Matricula::leer()
#1 {main}
  thrown in /home/ubuntu/workspace/recuperacion/classes/izv/data/Matricula.php on line 49
[26-Mar-2019 13:20:22 UTC] PHP Fatal error:  Uncaught Error: Class 'izv\data\Parametros' not found in /home/ubuntu/workspace/recuperacion/classes/izv/data/Matricula.php:50
Stack trace:
#0 /home/ubuntu/workspace/recuperacion/basicos/procesarformulario.php(22): izv\data\Matricula::leer()
#1 {main}
  thrown in /home/ubuntu/workspace/recuperacion/classes/izv/data/Matricula.php on line 50
[27-Mar-2019 13:09:00 UTC] PHP Fatal error:  Uncaught TypeError: Argument 1 passed to izv\util\Parametros::leerClase() must be of the type string, object given, called in /home/ubuntu/workspace/recuperacion/basicos/procesarformulario.php on line 29 and defined in /home/ubuntu/workspace/recuperacion/classes/izv/util/Parametros.php:40
Stack trace:
#0 /home/ubuntu/workspace/recuperacion/basicos/procesarformulario.php(29): izv\util\Parametros::leerClase(Object(izv\data\Matricula))
#1 {main}
  thrown in /home/ubuntu/workspace/recuperacion/classes/izv/util/Parametros.php on line 40
[27-Mar-2019 13:10:18 UTC] PHP Fatal error:  Uncaught Error: Call to a member function getAtributos() on string in /home/ubuntu/workspace/recuperacion/classes/izv/util/Parametros.php:33
Stack trace:
#0 /home/ubuntu/workspace/recuperacion/basicos/procesarformulario.php(30): izv\util\Parametros::leerObjeto('izv\\data\\Matric...')
#1 {main}
  thrown in /home/ubuntu/workspace/recuperacion/classes/izv/util/Parametros.php on line 33
[02-Apr-2019 08:31:59 UTC] PHP Notice:  Undefined variable: funcionset in /home/ubuntu/workspace/recuperacion/classes/izv/util/Parametros.php on line 33
[02-Apr-2019 09:57:07 UTC] PHP Fatal error:  Uncaught Error: Call to undefined method izv\data\Matricula::setId() in /home/ubuntu/workspace/recuperacion/basicos/parametros.php:14
Stack trace:
#0 /home/ubuntu/workspace/recuperacion/basicos/parametros.php(30): f2(Object(izv\data\Matricula), Object(izv\data\Matricula))
#1 {main}
  thrown in /home/ubuntu/workspace/recuperacion/basicos/parametros.php on line 14
[24-Apr-2019 11:38:27 UTC] PHP Notice:  Array to string conversion in /home/ubuntu/workspace/recuperacion/ejerciSube/SubirArchivos.php on line 69
[24-Apr-2019 11:38:27 UTC] PHP Warning:  move_uploaded_file() expects parameter 1 to be string, array given in /home/ubuntu/workspace/recuperacion/ejerciSube/SubirArchivos.php on line 69
[24-Apr-2019 11:42:14 UTC] PHP Notice:  Array to string conversion in /home/ubuntu/workspace/recuperacion/ejerciSube/SubirArchivos.php on line 69
[24-Apr-2019 11:42:14 UTC] PHP Warning:  move_uploaded_file() expects parameter 1 to be string, array given in /home/ubuntu/workspace/recuperacion/ejerciSube/SubirArchivos.php on line 69
[24-Apr-2019 11:42:48 UTC] PHP Notice:  Array to string conversion in /home/ubuntu/workspace/recuperacion/ejerciSube/SubirArchivos.php on line 69
[24-Apr-2019 11:42:48 UTC] PHP Warning:  move_uploaded_file() expects parameter 1 to be string, array given in /home/ubuntu/workspace/recuperacion/ejerciSube/SubirArchivos.php on line 69
[24-Apr-2019 11:47:52 UTC] PHP Notice:  Array to string conversion in /home/ubuntu/workspace/recuperacion/ejerciSube/SubirArchivos.php on line 69
[24-Apr-2019 11:47:52 UTC] PHP Warning:  move_uploaded_file() expects parameter 1 to be string, array given in /home/ubuntu/workspace/recuperacion/ejerciSube/SubirArchivos.php on line 69
[24-Apr-2019 11:47:56 UTC] PHP Notice:  Array to string conversion in /home/ubuntu/workspace/recuperacion/ejerciSube/SubirArchivos.php on line 69
[24-Apr-2019 11:47:56 UTC] PHP Warning:  move_uploaded_file() expects parameter 1 to be string, array given in /home/ubuntu/workspace/recuperacion/ejerciSube/SubirArchivos.php on line 69
[24-Apr-2019 11:48:00 UTC] PHP Notice:  Array to string conversion in /home/ubuntu/workspace/recuperacion/ejerciSube/SubirArchivos.php on line 69
[24-Apr-2019 11:48:00 UTC] PHP Warning:  move_uploaded_file() expects parameter 1 to be string, array given in /home/ubuntu/workspace/recuperacion/ejerciSube/SubirArchivos.php on line 69
[24-Apr-2019 11:48:38 UTC] PHP Warning:  move_uploaded_file() expects parameter 1 to be string, array given in /home/ubuntu/workspace/recuperacion/ejerciSube/SubirArchivos.php on line 69
[24-Apr-2019 12:02:07 UTC] PHP Notice:  Array to string conversion in /home/ubuntu/workspace/recuperacion/ejerciSube/SubirArchivos.php on line 69
[24-Apr-2019 12:03:47 UTC] PHP Notice:  Array to string conversion in /home/ubuntu/workspace/recuperacion/ejerciSube/SubirArchivos.php on line 69
[24-Apr-2019 12:04:21 UTC] PHP Notice:  Array to string conversion in /home/ubuntu/workspace/recuperacion/ejerciSube/SubirArchivos.php on line 69
[24-Apr-2019 12:06:40 UTC] PHP Notice:  Array to string conversion in /home/ubuntu/workspace/recuperacion/ejerciSube/SubirArchivos.php on line 69
[24-Apr-2019 12:10:36 UTC] PHP Notice:  Undefined variable: parts in /home/ubuntu/workspace/recuperacion/ejerciSube/SubirArchivos.php on line 95
[24-Apr-2019 12:10:36 UTC] PHP Fatal error:  Uncaught Error: Using $this when not in object context in /home/ubuntu/workspace/recuperacion/ejerciSube/SubirArchivos.php:95
Stack trace:
#0 /home/ubuntu/workspace/recuperacion/ejerciSube/SubirArchivos.php(75): SubirArchivos::__obtenerRenombre('upload/anantara...')
#1 /home/ubuntu/workspace/recuperacion/ejerciSube/SubirArchivos.php(46): SubirArchivos->__doSubeRenombrar()
#2 /home/ubuntu/workspace/recuperacion/ejerciSube/SubirArchivos.php(213): SubirArchivos->__doSube()
#3 /home/ubuntu/workspace/recuperacion/ejerciSube/formSubida.php(7): SubirArchivos->upload()
#4 {main}
  thrown in /home/ubuntu/workspace/recuperacion/ejerciSube/SubirArchivos.php on line 95
[24-Apr-2019 12:12:46 UTC] PHP Notice:  Undefined variable: parts in /home/ubuntu/workspace/recuperacion/ejerciSube/SubirArchivos.php on line 95
[24-Apr-2019 12:12:46 UTC] PHP Fatal error:  Uncaught Error: Using $this when not in object context in /home/ubuntu/workspace/recuperacion/ejerciSube/SubirArchivos.php:95
Stack trace:
#0 /home/ubuntu/workspace/recuperacion/ejerciSube/SubirArchivos.php(75): SubirArchivos::__obtenerRenombre('upload/anantara...')
#1 /home/ubuntu/workspace/recuperacion/ejerciSube/SubirArchivos.php(46): SubirArchivos->__doSubeRenombrar()
#2 /home/ubuntu/workspace/recuperacion/ejerciSube/SubirArchivos.php(213): SubirArchivos->__doSube()
#3 /home/ubuntu/workspace/recuperacion/ejerciSube/formSubida.php(7): SubirArchivos->upload()
#4 {main}
  thrown in /home/ubuntu/workspace/recuperacion/ejerciSube/SubirArchivos.php on line 95
[24-Apr-2019 12:16:13 UTC] PHP Notice:  Undefined variable: type in /home/ubuntu/workspace/recuperacion/ejerciSube/SubirArchivos.php on line 91
[24-Apr-2019 12:16:13 UTC] PHP Notice:  Undefined variable: parts in /home/ubuntu/workspace/recuperacion/ejerciSube/SubirArchivos.php on line 95
[24-Apr-2019 12:16:13 UTC] PHP Notice:  Undefined variable: type in /home/ubuntu/workspace/recuperacion/ejerciSube/SubirArchivos.php on line 95
[24-Apr-2019 12:16:13 UTC] PHP Fatal error:  Uncaught Error: Using $this when not in object context in /home/ubuntu/workspace/recuperacion/ejerciSube/SubirArchivos.php:95
Stack trace:
#0 /home/ubuntu/workspace/recuperacion/ejerciSube/SubirArchivos.php(75): SubirArchivos::__obtenerRenombre('upload/anantara...')
#1 /home/ubuntu/workspace/recuperacion/ejerciSube/SubirArchivos.php(46): SubirArchivos->__doSubeRenombrar()
#2 /home/ubuntu/workspace/recuperacion/ejerciSube/SubirArchivos.php(213): SubirArchivos->__doSube()
#3 /home/ubuntu/workspace/recuperacion/ejerciSube/formSubida.php(7): SubirArchivos->upload()
#4 {main}
  thrown in /home/ubuntu/workspace/recuperacion/ejerciSube/SubirArchivos.php on line 95
[24-Apr-2019 12:26:59 UTC] PHP Warning:  move_uploaded_file(upload/image/jpeg): failed to open stream: No such file or directory in /home/ubuntu/workspace/recuperacion/ejerciSube/SubirArchivos.php on line 70
[24-Apr-2019 12:26:59 UTC] PHP Warning:  move_uploaded_file(): Unable to move '/tmp/phpCqjU5s' to 'upload/image/jpeg' in /home/ubuntu/workspace/recuperacion/ejerciSube/SubirArchivos.php on line 70
[24-Apr-2019 12:41:13 UTC] PHP Notice:  Undefined variable: file in /home/ubuntu/workspace/recuperacion/ejerciSube/formSubida.php on line 18
[24-Apr-2019 12:41:13 UTC] PHP Notice:  Use of undefined constant length - assumed 'length' in /home/ubuntu/workspace/recuperacion/ejerciSube/formSubida.php on line 18
[24-Apr-2019 12:41:39 UTC] PHP Notice:  Undefined variable: file in /home/ubuntu/workspace/recuperacion/ejerciSube/formSubida.php on line 18
[24-Apr-2019 17:50:03 UTC] PHP Notice:  Undefined variable: file in /home/ubuntu/workspace/recuperacion/ejerciSube/formSubida.php on line 18
[24-Apr-2019 18:02:01 UTC] PHP Fatal error:  Uncaught Error: Cannot access private property SubirArchivos::$file in /home/ubuntu/workspace/recuperacion/ejerciSube/formSubida.php:9
Stack trace:
#0 {main}
  thrown in /home/ubuntu/workspace/recuperacion/ejerciSube/formSubida.php on line 9
[24-Apr-2019 18:06:06 UTC] PHP Notice:  Undefined index: nombre in /home/ubuntu/workspace/recuperacion/ejerciSube/SubirArchivos.php on line 112
[24-Apr-2019 18:09:15 UTC] PHP Notice:  Array to string conversion in /home/ubuntu/workspace/recuperacion/ejerciSube/SubirArchivos.php on line 71
[24-Apr-2019 18:10:55 UTC] PHP Notice:  Array to string conversion in /home/ubuntu/workspace/recuperacion/ejerciSube/SubirArchivos.php on line 71
[24-Apr-2019 18:14:45 UTC] PHP Notice:  Array to string conversion in /home/ubuntu/workspace/recuperacion/ejerciSube/SubirArchivos.php on line 71
[24-Apr-2019 18:19:35 UTC] PHP Notice:  Use of undefined constant file - assumed 'file' in /home/ubuntu/workspace/recuperacion/ejerciSube/SubirArchivos.php on line 70
[24-Apr-2019 18:22:23 UTC] PHP Notice:  Use of undefined constant file - assumed 'file' in /home/ubuntu/workspace/recuperacion/ejerciSube/SubirArchivos.php on line 70
[24-Apr-2019 18:30:22 UTC] PHP Notice:  Use of undefined constant file - assumed 'file' in /home/ubuntu/workspace/recuperacion/ejerciSube/SubirArchivos.php on line 70
[24-Apr-2019 18:30:22 UTC] PHP Notice:  Use of undefined constant file - assumed 'file' in /home/ubuntu/workspace/recuperacion/ejerciSube/SubirArchivos.php on line 70
[24-Apr-2019 18:32:00 UTC] PHP Notice:  Undefined offset: 2 in /home/ubuntu/workspace/recuperacion/ejerciSube/SubirArchivos.php on line 71
[24-Apr-2019 18:32:00 UTC] PHP Notice:  Undefined offset: 2 in /home/ubuntu/workspace/recuperacion/ejerciSube/SubirArchivos.php on line 71
[24-Apr-2019 18:32:00 UTC] PHP Notice:  Undefined offset: 3 in /home/ubuntu/workspace/recuperacion/ejerciSube/SubirArchivos.php on line 71
[24-Apr-2019 18:32:00 UTC] PHP Notice:  Undefined offset: 3 in /home/ubuntu/workspace/recuperacion/ejerciSube/SubirArchivos.php on line 71
[24-Apr-2019 18:32:00 UTC] PHP Notice:  Undefined offset: 4 in /home/ubuntu/workspace/recuperacion/ejerciSube/SubirArchivos.php on line 71
[24-Apr-2019 18:32:00 UTC] PHP Notice:  Undefined offset: 4 in /home/ubuntu/workspace/recuperacion/ejerciSube/SubirArchivos.php on line 71
[24-Apr-2019 18:32:55 UTC] PHP Notice:  Undefined offset: 2 in /home/ubuntu/workspace/recuperacion/ejerciSube/SubirArchivos.php on line 71
[24-Apr-2019 18:32:55 UTC] PHP Notice:  Undefined offset: 2 in /home/ubuntu/workspace/recuperacion/ejerciSube/SubirArchivos.php on line 71
[24-Apr-2019 18:32:55 UTC] PHP Notice:  Undefined offset: 3 in /home/ubuntu/workspace/recuperacion/ejerciSube/SubirArchivos.php on line 71
[24-Apr-2019 18:32:55 UTC] PHP Notice:  Undefined offset: 3 in /home/ubuntu/workspace/recuperacion/ejerciSube/SubirArchivos.php on line 71
[24-Apr-2019 18:32:55 UTC] PHP Notice:  Undefined offset: 4 in /home/ubuntu/workspace/recuperacion/ejerciSube/SubirArchivos.php on line 71
[24-Apr-2019 18:32:55 UTC] PHP Notice:  Undefined offset: 4 in /home/ubuntu/workspace/recuperacion/ejerciSube/SubirArchivos.php on line 71
[24-Apr-2019 18:33:41 UTC] PHP Notice:  Undefined offset: 2 in /home/ubuntu/workspace/recuperacion/ejerciSube/SubirArchivos.php on line 71
[24-Apr-2019 18:33:41 UTC] PHP Notice:  Undefined offset: 2 in /home/ubuntu/workspace/recuperacion/ejerciSube/SubirArchivos.php on line 71
[24-Apr-2019 18:33:41 UTC] PHP Notice:  Undefined offset: 3 in /home/ubuntu/workspace/recuperacion/ejerciSube/SubirArchivos.php on line 71
[24-Apr-2019 18:33:41 UTC] PHP Notice:  Undefined offset: 3 in /home/ubuntu/workspace/recuperacion/ejerciSube/SubirArchivos.php on line 71
[24-Apr-2019 18:33:41 UTC] PHP Notice:  Undefined offset: 4 in /home/ubuntu/workspace/recuperacion/ejerciSube/SubirArchivos.php on line 71
[24-Apr-2019 18:33:41 UTC] PHP Notice:  Undefined offset: 4 in /home/ubuntu/workspace/recuperacion/ejerciSube/SubirArchivos.php on line 71
[24-Apr-2019 18:36:51 UTC] PHP Notice:  Undefined offset: 2 in /home/ubuntu/workspace/recuperacion/ejerciSube/SubirArchivos.php on line 71
[24-Apr-2019 18:36:51 UTC] PHP Notice:  Undefined offset: 2 in /home/ubuntu/workspace/recuperacion/ejerciSube/SubirArchivos.php on line 71
[24-Apr-2019 18:36:51 UTC] PHP Notice:  Undefined offset: 3 in /home/ubuntu/workspace/recuperacion/ejerciSube/SubirArchivos.php on line 71
[24-Apr-2019 18:36:51 UTC] PHP Notice:  Undefined offset: 3 in /home/ubuntu/workspace/recuperacion/ejerciSube/SubirArchivos.php on line 71
[24-Apr-2019 18:36:51 UTC] PHP Notice:  Undefined offset: 4 in /home/ubuntu/workspace/recuperacion/ejerciSube/SubirArchivos.php on line 71
[24-Apr-2019 18:36:51 UTC] PHP Notice:  Undefined offset: 4 in /home/ubuntu/workspace/recuperacion/ejerciSube/SubirArchivos.php on line 71
[24-Apr-2019 18:40:02 UTC] PHP Notice:  Undefined offset: 2 in /home/ubuntu/workspace/recuperacion/ejerciSube/SubirArchivos.php on line 71
[24-Apr-2019 18:40:02 UTC] PHP Notice:  Undefined offset: 2 in /home/ubuntu/workspace/recuperacion/ejerciSube/SubirArchivos.php on line 71
[24-Apr-2019 18:40:02 UTC] PHP Notice:  Undefined offset: 3 in /home/ubuntu/workspace/recuperacion/ejerciSube/SubirArchivos.php on line 71
[24-Apr-2019 18:40:02 UTC] PHP Notice:  Undefined offset: 3 in /home/ubuntu/workspace/recuperacion/ejerciSube/SubirArchivos.php on line 71
[24-Apr-2019 18:40:02 UTC] PHP Notice:  Undefined offset: 4 in /home/ubuntu/workspace/recuperacion/ejerciSube/SubirArchivos.php on line 71
[24-Apr-2019 18:40:02 UTC] PHP Notice:  Undefined offset: 4 in /home/ubuntu/workspace/recuperacion/ejerciSube/SubirArchivos.php on line 71
[24-Apr-2019 18:56:37 UTC] PHP Fatal error:  Uncaught Error: Cannot use object of type SubirArchivos as array in /home/ubuntu/workspace/recuperacion/ejerciSube/formSubida.php:9
Stack trace:
#0 {main}
  thrown in /home/ubuntu/workspace/recuperacion/ejerciSube/formSubida.php on line 9
[24-Apr-2019 19:00:04 UTC] PHP Notice:  Use of undefined constant file - assumed 'file' in /home/ubuntu/workspace/recuperacion/ejerciSube/SubirArchivos.php on line 123
[24-Apr-2019 19:00:54 UTC] PHP Notice:  Use of undefined constant file - assumed 'file' in /home/ubuntu/workspace/recuperacion/ejerciSube/SubirArchivos.php on line 123
[24-Apr-2019 19:02:38 UTC] PHP Notice:  Undefined offset: 0 in /home/ubuntu/workspace/recuperacion/ejerciSube/SubirArchivos.php on line 122
[24-Apr-2019 19:20:13 UTC] PHP Notice:  Undefined variable: value in /home/ubuntu/workspace/recuperacion/ejerciSube/SubirArchivos.php on line 122
[24-Apr-2019 19:20:13 UTC] PHP Warning:  Creating default object from empty value in /home/ubuntu/workspace/recuperacion/ejerciSube/SubirArchivos.php on line 122
[24-Apr-2019 19:20:13 UTC] PHP Fatal error:  Uncaught Error: Cannot access empty property in /home/ubuntu/workspace/recuperacion/ejerciSube/SubirArchivos.php:122
Stack trace:
#0 /home/ubuntu/workspace/recuperacion/ejerciSube/formSubida.php(9): SubirArchivos->getFile()
#1 {main}
  thrown in /home/ubuntu/workspace/recuperacion/ejerciSube/SubirArchivos.php on line 122
[24-Apr-2019 19:20:41 UTC] PHP Notice:  Undefined variable: value in /home/ubuntu/workspace/recuperacion/ejerciSube/SubirArchivos.php on line 122
[24-Apr-2019 19:20:41 UTC] PHP Warning:  Creating default object from empty value in /home/ubuntu/workspace/recuperacion/ejerciSube/SubirArchivos.php on line 122
[24-Apr-2019 19:20:41 UTC] PHP Fatal error:  Uncaught Error: Cannot access empty property in /home/ubuntu/workspace/recuperacion/ejerciSube/SubirArchivos.php:122
Stack trace:
#0 /home/ubuntu/workspace/recuperacion/ejerciSube/formSubida.php(9): SubirArchivos->getFile()
#1 {main}
  thrown in /home/ubuntu/workspace/recuperacion/ejerciSube/SubirArchivos.php on line 122
[24-Apr-2019 19:21:13 UTC] PHP Notice:  Undefined variable: value in /home/ubuntu/workspace/recuperacion/ejerciSube/SubirArchivos.php on line 122
[24-Apr-2019 19:21:13 UTC] PHP Warning:  Creating default object from empty value in /home/ubuntu/workspace/recuperacion/ejerciSube/SubirArchivos.php on line 122
[24-Apr-2019 19:21:13 UTC] PHP Fatal error:  Uncaught Error: Cannot access empty property in /home/ubuntu/workspace/recuperacion/ejerciSube/SubirArchivos.php:122
Stack trace:
#0 /home/ubuntu/workspace/recuperacion/ejerciSube/formSubida.php(9): SubirArchivos->getFile()
#1 {main}
  thrown in /home/ubuntu/workspace/recuperacion/ejerciSube/SubirArchivos.php on line 122
[24-Apr-2019 19:22:09 UTC] PHP Notice:  Array to string conversion in /home/ubuntu/workspace/recuperacion/ejerciSube/SubirArchivos.php on line 123
[24-Apr-2019 19:22:09 UTC] PHP Notice:  Array to string conversion in /home/ubuntu/workspace/recuperacion/ejerciSube/SubirArchivos.php on line 123
[24-Apr-2019 19:22:09 UTC] PHP Notice:  Array to string conversion in /home/ubuntu/workspace/recuperacion/ejerciSube/SubirArchivos.php on line 123
[24-Apr-2019 19:22:09 UTC] PHP Notice:  Array to string conversion in /home/ubuntu/workspace/recuperacion/ejerciSube/SubirArchivos.php on line 123
[24-Apr-2019 19:22:09 UTC] PHP Notice:  Array to string conversion in /home/ubuntu/workspace/recuperacion/ejerciSube/SubirArchivos.php on line 123
[24-Apr-2019 19:34:27 UTC] PHP Notice:  Undefined index: name in /home/ubuntu/workspace/recuperacion/ejerciSube/SubirArchivos.php on line 123
[24-Apr-2019 19:34:27 UTC] PHP Notice:  Undefined index: tmp_name in /home/ubuntu/workspace/recuperacion/ejerciSube/SubirArchivos.php on line 124
[24-Apr-2019 19:34:27 UTC] PHP Notice:  Undefined index: size in /home/ubuntu/workspace/recuperacion/ejerciSube/SubirArchivos.php on line 125
[24-Apr-2019 19:34:27 UTC] PHP Notice:  Undefined index: name in /home/ubuntu/workspace/recuperacion/ejerciSube/SubirArchivos.php on line 123
[24-Apr-2019 19:34:27 UTC] PHP Notice:  Undefined index: tmp_name in /home/ubuntu/workspace/recuperacion/ejerciSube/SubirArchivos.php on line 124
[24-Apr-2019 19:34:27 UTC] PHP Notice:  Undefined index: size in /home/ubuntu/workspace/recuperacion/ejerciSube/SubirArchivos.php on line 125
[24-Apr-2019 19:34:27 UTC] PHP Notice:  Undefined index: name in /home/ubuntu/workspace/recuperacion/ejerciSube/SubirArchivos.php on line 123
[24-Apr-2019 19:34:27 UTC] PHP Notice:  Undefined index: tmp_name in /home/ubuntu/workspace/recuperacion/ejerciSube/SubirArchivos.php on line 124
[24-Apr-2019 19:34:27 UTC] PHP Notice:  Undefined index: size in /home/ubuntu/workspace/recuperacion/ejerciSube/SubirArchivos.php on line 125
[24-Apr-2019 19:34:27 UTC] PHP Notice:  Undefined index: name in /home/ubuntu/workspace/recuperacion/ejerciSube/SubirArchivos.php on line 123
[24-Apr-2019 19:34:27 UTC] PHP Notice:  Undefined index: tmp_name in /home/ubuntu/workspace/recuperacion/ejerciSube/SubirArchivos.php on line 124
[24-Apr-2019 19:34:27 UTC] PHP Notice:  Undefined index: size in /home/ubuntu/workspace/recuperacion/ejerciSube/SubirArchivos.php on line 125
[24-Apr-2019 19:34:27 UTC] PHP Notice:  Undefined index: name in /home/ubuntu/workspace/recuperacion/ejerciSube/SubirArchivos.php on line 123
[24-Apr-2019 19:34:27 UTC] PHP Notice:  Undefined index: tmp_name in /home/ubuntu/workspace/recuperacion/ejerciSube/SubirArchivos.php on line 124
[24-Apr-2019 19:34:27 UTC] PHP Notice:  Undefined index: size in /home/ubuntu/workspace/recuperacion/ejerciSube/SubirArchivos.php on line 125
[24-Apr-2019 20:05:31 UTC] PHP Notice:  Undefined variable: parts in /home/ubuntu/workspace/recuperacion/ejerciSube/SubirArchivos.php on line 94
[24-Apr-2019 20:05:31 UTC] PHP Notice:  Undefined variable: parts in /home/ubuntu/workspace/recuperacion/ejerciSube/SubirArchivos.php on line 94
